# JRE version: OpenJDK Runtime Environment (17.0.9) (build 17.0.9+0--11185874)
# Java VM: OpenJDK 64-Bit Server VM (17.0.9+0--11185874, mixed mode, tiered, compressed oops, compressed class ptrs, g1 gc, windows-amd64)
GC Precious Log:
 CPUs: 12 total, 12 available
 Memory: 15775M
 Large Page Support: Disabled
 NUMA Support: Disabled
 Compressed Oops: Enabled (32-bit)
 Heap Region Size: 1M
 Heap Min Capacity: 8M
 Heap Initial Capacity: 248M
 Heap Max Capacity: 2G
 Pre-touch: Disabled
 Parallel Workers: 10
 Concurrent Workers: 3
 Concurrent Refinement Workers: 10
 Periodic GC: Disabled
Heap:
 garbage-first heap   total 264192K, used 180047K [0x0000000080000000, 0x0000000100000000)
  region size 1024K, 4 young (4096K), 4 survivors (4096K)
 Metaspace       used 103055K, committed 104000K, reserved 1179648K
  class space    used 14267K, committed 14720K, reserved 1048576K
GC Heap History (20 events):
Event: 9.458 GC heap after
{Heap after GC invocations=50 (full 0):
 garbage-first heap   total 212992K, used 109655K [0x0000000080000000, 0x0000000100000000)
  region size 1024K, 1 young (1024K), 1 survivors (1024K)
 Metaspace       used 84947K, committed 85632K, reserved 1179648K
  class space    used 11545K, committed 11840K, reserved 1048576K
}
Event: 9.870 GC heap before
{Heap before GC invocations=50 (full 0):
 garbage-first heap   total 212992K, used 154711K [0x0000000080000000, 0x0000000100000000)
  region size 1024K, 45 young (46080K), 1 survivors (1024K)
 Metaspace       used 88432K, committed 89152K, reserved 1179648K
  class space    used 12018K, committed 12352K, reserved 1048576K
}
Event: 9.874 GC heap after
{Heap after GC invocations=51 (full 0):
 garbage-first heap   total 212992K, used 112611K [0x0000000080000000, 0x0000000100000000)
  region size 1024K, 4 young (4096K), 4 survivors (4096K)
 Metaspace       used 88432K, committed 89152K, reserved 1179648K
  class space    used 12018K, committed 12352K, reserved 1048576K
}
Event: 10.270 GC heap before
{Heap before GC invocations=52 (full 0):
 garbage-first heap   total 212992K, used 162787K [0x0000000080000000, 0x0000000100000000)
  region size 1024K, 53 young (54272K), 4 survivors (4096K)
 Metaspace       used 90480K, committed 91328K, reserved 1179648K
  class space    used 12322K, committed 12736K, reserved 1048576K
}
Event: 10.276 GC heap after
{Heap after GC invocations=53 (full 0):
 garbage-first heap   total 212992K, used 117575K [0x0000000080000000, 0x0000000100000000)
  region size 1024K, 7 young (7168K), 7 survivors (7168K)
 Metaspace       used 90480K, committed 91328K, reserved 1179648K
  class space    used 12322K, committed 12736K, reserved 1048576K
}
Event: 10.308 GC heap before
{Heap before GC invocations=53 (full 0):
 garbage-first heap   total 212992K, used 120647K [0x0000000080000000, 0x0000000100000000)
  region size 1024K, 10 young (10240K), 7 survivors (7168K)
 Metaspace       used 90844K, committed 91712K, reserved 1179648K
  class space    used 12392K, committed 12800K, reserved 1048576K
}
Event: 10.313 GC heap after
{Heap after GC invocations=54 (full 0):
 garbage-first heap   total 264192K, used 117747K [0x0000000080000000, 0x0000000100000000)
  region size 1024K, 1 young (1024K), 1 survivors (1024K)
 Metaspace       used 90844K, committed 91712K, reserved 1179648K
  class space    used 12392K, committed 12800K, reserved 1048576K
}
Event: 10.950 GC heap before
{Heap before GC invocations=54 (full 0):
 garbage-first heap   total 264192K, used 189427K [0x0000000080000000, 0x0000000100000000)
  region size 1024K, 71 young (72704K), 1 survivors (1024K)
 Metaspace       used 96543K, committed 97408K, reserved 1179648K
  class space    used 13393K, committed 13824K, reserved 1048576K
}
Event: 10.954 GC heap after
{Heap after GC invocations=55 (full 0):
 garbage-first heap   total 264192K, used 121872K [0x0000000080000000, 0x0000000100000000)
  region size 1024K, 5 young (5120K), 5 survivors (5120K)
 Metaspace       used 96543K, committed 97408K, reserved 1179648K
  class space    used 13393K, committed 13824K, reserved 1048576K
}
Event: 11.547 GC heap before
{Heap before GC invocations=55 (full 0):
 garbage-first heap   total 264192K, used 207888K [0x0000000080000000, 0x0000000100000000)
  region size 1024K, 89 young (91136K), 5 survivors (5120K)
 Metaspace       used 98523K, committed 99456K, reserved 1179648K
  class space    used 13705K, committed 14144K, reserved 1048576K
}
Event: 11.556 GC heap after
{Heap after GC invocations=56 (full 0):
 garbage-first heap   total 264192K, used 130656K [0x0000000080000000, 0x0000000100000000)
  region size 1024K, 12 young (12288K), 12 survivors (12288K)
 Metaspace       used 98523K, committed 99456K, reserved 1179648K
  class space    used 13705K, committed 14144K, reserved 1048576K
}
Event: 12.078 GC heap before
{Heap before GC invocations=56 (full 0):
 garbage-first heap   total 264192K, used 164448K [0x0000000080000000, 0x0000000100000000)
  region size 1024K, 41 young (41984K), 12 survivors (12288K)
 Metaspace       used 99839K, committed 100736K, reserved 1179648K
  class space    used 13848K, committed 14272K, reserved 1048576K
}
Event: 12.088 GC heap after
{Heap after GC invocations=57 (full 0):
 garbage-first heap   total 264192K, used 142726K [0x0000000080000000, 0x0000000100000000)
  region size 1024K, 7 young (7168K), 7 survivors (7168K)
 Metaspace       used 99839K, committed 100736K, reserved 1179648K
  class space    used 13848K, committed 14272K, reserved 1048576K
}
Event: 12.585 GC heap before
{Heap before GC invocations=58 (full 0):
 garbage-first heap   total 264192K, used 213382K [0x0000000080000000, 0x0000000100000000)
  region size 1024K, 67 young (68608K), 7 survivors (7168K)
 Metaspace       used 103035K, committed 104000K, reserved 1179648K
  class space    used 14267K, committed 14720K, reserved 1048576K
}
Event: 12.596 GC heap after
{Heap after GC invocations=59 (full 0):
 garbage-first heap   total 264192K, used 163752K [0x0000000080000000, 0x0000000100000000)
  region size 1024K, 9 young (9216K), 9 survivors (9216K)
 Metaspace       used 103035K, committed 104000K, reserved 1179648K
  class space    used 14267K, committed 14720K, reserved 1048576K
}
Event: 12.604 GC heap before
{Heap before GC invocations=59 (full 0):
 garbage-first heap   total 264192K, used 166824K [0x0000000080000000, 0x0000000100000000)
  region size 1024K, 12 young (12288K), 9 survivors (9216K)
 Metaspace       used 103035K, committed 104000K, reserved 1179648K
  class space    used 14267K, committed 14720K, reserved 1048576K
}
Event: 12.611 GC heap after
{Heap after GC invocations=60 (full 0):
 garbage-first heap   total 264192K, used 162952K [0x0000000080000000, 0x0000000100000000)
  region size 1024K, 2 young (2048K), 2 survivors (2048K)
 Metaspace       used 103035K, committed 104000K, reserved 1179648K
  class space    used 14267K, committed 14720K, reserved 1048576K
}
Event: 12.811 GC heap before
{Heap before GC invocations=60 (full 0):
 garbage-first heap   total 264192K, used 211080K [0x0000000080000000, 0x0000000100000000)
  region size 1024K, 49 young (50176K), 2 survivors (2048K)
 Metaspace       used 103050K, committed 104000K, reserved 1179648K
  class space    used 14267K, committed 14720K, reserved 1048576K
}
Event: 12.819 GC heap after
{Heap after GC invocations=61 (full 0):
 garbage-first heap   total 264192K, used 177804K [0x0000000080000000, 0x0000000100000000)
  region size 1024K, 7 young (7168K), 7 survivors (7168K)
 Metaspace       used 103050K, committed 104000K, reserved 1179648K
  class space    used 14267K, committed 14720K, reserved 1048576K
}
Event: 13.072 GC heap before
{Heap before GC invocations=61 (full 0):
 garbage-first heap   total 264192K, used 213644K [0x0000000080000000, 0x0000000100000000)
  region size 1024K, 42 young (43008K), 7 survivors (7168K)
 Metaspace       used 103055K, committed 104000K, reserved 1179648K
  class space    used 14267K, committed 14720K, reserved 1048576K
}

